{"description":"Verify Search Elements UI for AUM+LUM Role|PBI_231950: Verify the Functionality of Account listing screen","passed":false,"pending":false,"os":"Windows","instanceId":68024,"browser":{"name":"chrome","version":"114.0.5735.91"},"message":["Failed: Wait timed out after 30010ms"],"trace":["TimeoutError: Wait timed out after 30010ms\n    at C:\\Users\\anup_shet\\AppData\\Roaming\\npm\\node_modules\\protractor\\node_modules\\selenium-webdriver\\lib\\promise.js:2201:17\n    at ManagedPromise.invokeCallback_ (C:\\Users\\anup_shet\\AppData\\Roaming\\npm\\node_modules\\protractor\\node_modules\\selenium-webdriver\\lib\\promise.js:1376:14)\n    at TaskQueue.execute_ (C:\\Users\\anup_shet\\AppData\\Roaming\\npm\\node_modules\\protractor\\node_modules\\selenium-webdriver\\lib\\promise.js:3084:14)\n    at TaskQueue.executeNext_ (C:\\Users\\anup_shet\\AppData\\Roaming\\npm\\node_modules\\protractor\\node_modules\\selenium-webdriver\\lib\\promise.js:3067:27)\n    at C:\\Users\\anup_shet\\AppData\\Roaming\\npm\\node_modules\\protractor\\node_modules\\selenium-webdriver\\lib\\promise.js:2927:27\n    at C:\\Users\\anup_shet\\AppData\\Roaming\\npm\\node_modules\\protractor\\node_modules\\selenium-webdriver\\lib\\promise.js:668:7\n    at runMicrotasks (<anonymous>)\n    at processTicksAndRejections (internal/process/task_queues.js:93:5)\nFrom: Task: <anonymous wait>\n    at scheduleWait (C:\\Users\\anup_shet\\AppData\\Roaming\\npm\\node_modules\\protractor\\node_modules\\selenium-webdriver\\lib\\promise.js:2188:20)\n    at ControlFlow.wait (C:\\Users\\anup_shet\\AppData\\Roaming\\npm\\node_modules\\protractor\\node_modules\\selenium-webdriver\\lib\\promise.js:2517:12)\n    at Driver.wait (C:\\Users\\anup_shet\\AppData\\Roaming\\npm\\node_modules\\protractor\\node_modules\\selenium-webdriver\\lib\\webdriver.js:934:29)\n    at run (C:\\Users\\anup_shet\\AppData\\Roaming\\npm\\node_modules\\protractor\\built\\browser.js:58:33)\n    at ProtractorBrowser.to.<computed> [as wait] (C:\\Users\\anup_shet\\AppData\\Roaming\\npm\\node_modules\\protractor\\built\\browser.js:66:16)\n    at Object.findElement (C:\\Users\\anup_shet\\Desktop\\Required\\Git Repo\\FEcode\\cdg-unity-next-spa\\spa\\e2e\\utils\\browserUtil.ts:486:25)\n    at C:\\Users\\anup_shet\\Desktop\\Required\\Git Repo\\FEcode\\cdg-unity-next-spa\\spa\\e2e\\page-objects\\logout-e2e.po.ts:84:25\n    at new Promise (<anonymous>)\n    at LogOut.signOut (C:\\Users\\anup_shet\\Desktop\\Required\\Git Repo\\FEcode\\cdg-unity-next-spa\\spa\\e2e\\page-objects\\logout-e2e.po.ts:83:12)\n    at UserContext.<anonymous> (C:\\Users\\anup_shet\\Desktop\\Required\\Git Repo\\FEcode\\cdg-unity-next-spa\\spa\\e2e\\dynamic-reports-phase2\\UN-15676-SearchElements.spec.ts:322:5)\nFrom: Task: Run it(\"Verify Search Elements UI for AUM+LUM Role\") in control flow\n    at UserContext.<anonymous> (C:\\Users\\anup_shet\\AppData\\Roaming\\npm\\node_modules\\protractor\\node_modules\\jasminewd2\\index.js:94:19)\n    at attempt (C:\\Users\\anup_shet\\AppData\\Roaming\\npm\\node_modules\\protractor\\node_modules\\jasmine-core\\lib\\jasmine-core\\jasmine.js:4297:26)\n    at QueueRunner.run (C:\\Users\\anup_shet\\AppData\\Roaming\\npm\\node_modules\\protractor\\node_modules\\jasmine-core\\lib\\jasmine-core\\jasmine.js:4217:20)\n    at runNext (C:\\Users\\anup_shet\\AppData\\Roaming\\npm\\node_modules\\protractor\\node_modules\\jasmine-core\\lib\\jasmine-core\\jasmine.js:4257:20)\n    at C:\\Users\\anup_shet\\AppData\\Roaming\\npm\\node_modules\\protractor\\node_modules\\jasmine-core\\lib\\jasmine-core\\jasmine.js:4264:13\n    at C:\\Users\\anup_shet\\AppData\\Roaming\\npm\\node_modules\\protractor\\node_modules\\jasmine-core\\lib\\jasmine-core\\jasmine.js:4172:9\n    at C:\\Users\\anup_shet\\AppData\\Roaming\\npm\\node_modules\\protractor\\node_modules\\jasminewd2\\index.js:64:48\n    at ControlFlow.emit (C:\\Users\\anup_shet\\AppData\\Roaming\\npm\\node_modules\\protractor\\node_modules\\selenium-webdriver\\lib\\events.js:62:21)\n    at ControlFlow.shutdown_ (C:\\Users\\anup_shet\\AppData\\Roaming\\npm\\node_modules\\protractor\\node_modules\\selenium-webdriver\\lib\\promise.js:2674:10)\n    at C:\\Users\\anup_shet\\AppData\\Roaming\\npm\\node_modules\\protractor\\node_modules\\selenium-webdriver\\lib\\promise.js:2599:53\nFrom asynchronous test: \nError\n    at Suite.<anonymous> (C:\\Users\\anup_shet\\Desktop\\Required\\Git Repo\\FEcode\\cdg-unity-next-spa\\spa\\e2e\\dynamic-reports-phase2\\UN-15676-SearchElements.spec.ts:308:1)\n    at addSpecsToSuite (C:\\Users\\anup_shet\\AppData\\Roaming\\npm\\node_modules\\protractor\\node_modules\\jasmine-core\\lib\\jasmine-core\\jasmine.js:1107:25)\n    at Env.describe (C:\\Users\\anup_shet\\AppData\\Roaming\\npm\\node_modules\\protractor\\node_modules\\jasmine-core\\lib\\jasmine-core\\jasmine.js:1074:7)\n    at describe (C:\\Users\\anup_shet\\AppData\\Roaming\\npm\\node_modules\\protractor\\node_modules\\jasmine-core\\lib\\jasmine-core\\jasmine.js:4399:18)\n    at Object.<anonymous> (C:\\Users\\anup_shet\\Desktop\\Required\\Git Repo\\FEcode\\cdg-unity-next-spa\\spa\\e2e\\dynamic-reports-phase2\\UN-15676-SearchElements.spec.ts:25:1)\n    at Module._compile (internal/modules/cjs/loader.js:945:30)\n    at Module.m._compile (C:\\Users\\anup_shet\\Desktop\\Required\\Git Repo\\FEcode\\cdg-unity-next-spa\\spa\\node_modules\\ts-node\\src\\index.ts:422:23)\n    at Module._extensions..js (internal/modules/cjs/loader.js:962:10)\n    at Object.require.extensions.<computed> [as .ts] (C:\\Users\\anup_shet\\Desktop\\Required\\Git Repo\\FEcode\\cdg-unity-next-spa\\spa\\node_modules\\ts-node\\src\\index.ts:425:12)"],"browserLogs":[{"level":"SEVERE","message":"http://localhost:4200/polyfills.js - Failed to load resource: net::ERR_CACHE_READ_FAILURE","timestamp":1686659955865,"type":""},{"level":"SEVERE","message":"http://localhost:4200/styles.js - Failed to load resource: net::ERR_CACHE_READ_FAILURE","timestamp":1686659955866,"type":""},{"level":"SEVERE","message":"http://localhost:4200/vendor.js - Failed to load resource: net::ERR_CACHE_READ_FAILURE","timestamp":1686659955866,"type":""},{"level":"SEVERE","message":"http://localhost:4200/main.js - Failed to load resource: net::ERR_CACHE_READ_FAILURE","timestamp":1686659955867,"type":""},{"level":"SEVERE","message":"https://www.google-analytics.com/analytics.js - Failed to load resource: net::ERR_CACHE_READ_FAILURE","timestamp":1686659955954,"type":""}],"screenShotFile":"images\\00ca0064-0011-0012-0062-00a700950091.png","timestamp":1686659955357,"duration":61798}
