<?xml version='1.0'?>
<ns2:test-suite xmlns:ns2='urn:model.allure.qatools.yandex.ru' start='1686658039347' stop='1686658067023'>
    <name>Test Suite:Verify Error Dialog box for Selection parameter filters on Report page</name>
    <title>Test Suite:Verify Error Dialog box for Selection parameter filters on Report page</title>
    <test-cases>
        <test-case start='1686658039353' status='failed' stop='1686658067009'>
            <name>Test case 1 :Verify the presence of error dialog for Clear Selection button and More than one dept</name>
            <title>Test case 1 :Verify the presence of error dialog for Clear Selection button and More than one dept</title>
            <labels/>
            <parameters/>
            <steps>
                <step start='1686658039520' status='passed' stop='1686658039520'>
                    <name>Test case 1:Verify Presence of  error dialog when more than 2 dept is selected"</name>
                    <title>Test case 1:Verify Presence of  error dialog when more than 2 dept is selected"</title>
                    <attachments/>
                    <steps/>
                </step>
                <step start='1686658039521' status='passed' stop='1686658039521'>
                    <name>Test case 2:Verify Presence of error dialog when clicked on clear selection button"</name>
                    <title>Test case 2:Verify Presence of error dialog when clicked on clear selection button"</title>
                    <attachments/>
                    <steps/>
                </step>
                <step start='1686658049229' status='passed' stop='1686658049230'>
                    <name>Cookies not Displayed</name>
                    <title>Cookies not Displayed</title>
                    <attachments/>
                    <steps/>
                </step>
            </steps>
            <attachments>
                <attachment title='Cookies not displayed' source='0fb03308-b9fb-490a-8708-8eecff7c2396-attachment.png' type='image/png' size='79338'/>
            </attachments>
            <failure>
                <message>Failed: Wait timed out after 20001ms</message>
                <stack-trace>TimeoutError: Wait timed out after 20001ms
                    at C:\Users\anup_shet\AppData\Roaming\npm\node_modules\protractor\node_modules\selenium-webdriver\lib\promise.js:2201:17
                    at ManagedPromise.invokeCallback_ (C:\Users\anup_shet\AppData\Roaming\npm\node_modules\protractor\node_modules\selenium-webdriver\lib\promise.js:1376:14)
                    at TaskQueue.execute_ (C:\Users\anup_shet\AppData\Roaming\npm\node_modules\protractor\node_modules\selenium-webdriver\lib\promise.js:3084:14)
                    at TaskQueue.executeNext_ (C:\Users\anup_shet\AppData\Roaming\npm\node_modules\protractor\node_modules\selenium-webdriver\lib\promise.js:3067:27)
                    at C:\Users\anup_shet\AppData\Roaming\npm\node_modules\protractor\node_modules\selenium-webdriver\lib\promise.js:2927:27
                    at C:\Users\anup_shet\AppData\Roaming\npm\node_modules\protractor\node_modules\selenium-webdriver\lib\promise.js:668:7
                    at runMicrotasks (&lt;anonymous>)
                    at processTicksAndRejections (internal/process/task_queues.js:93:5)
                From: Task: &lt;anonymous wait>
                    at scheduleWait (C:\Users\anup_shet\AppData\Roaming\npm\node_modules\protractor\node_modules\selenium-webdriver\lib\promise.js:2188:20)
                    at ControlFlow.wait (C:\Users\anup_shet\AppData\Roaming\npm\node_modules\protractor\node_modules\selenium-webdriver\lib\promise.js:2517:12)
                    at Driver.wait (C:\Users\anup_shet\AppData\Roaming\npm\node_modules\protractor\node_modules\selenium-webdriver\lib\webdriver.js:934:29)
                    at run (C:\Users\anup_shet\AppData\Roaming\npm\node_modules\protractor\built\browser.js:58:33)
                    at ProtractorBrowser.to.&lt;computed> [as wait] (C:\Users\anup_shet\AppData\Roaming\npm\node_modules\protractor\built\browser.js:66:16)
                    at C:\Users\anup_shet\Desktop\Required\Git Repo\FEcode\cdg-unity-next-spa\spa\e2e\page-objects\dynamic-reports-phase2.po.ts:28:15
                    at new Promise (&lt;anonymous>)
                    at DynamicReportsPhase2.clickOnReportsIcon (C:\Users\anup_shet\Desktop\Required\Git Repo\FEcode\cdg-unity-next-spa\spa\e2e\page-objects\dynamic-reports-phase2.po.ts:25:12)
                    at UserContext.&lt;anonymous> (C:\Users\anup_shet\Desktop\Required\Git Repo\FEcode\cdg-unity-next-spa\spa\e2e\dynamic-reports-phase2\UN-17225-ErrorDialogBox.spec.ts:32:20)
                    at C:\Users\anup_shet\AppData\Roaming\npm\node_modules\protractor\node_modules\jasminewd2\index.js:112:25
                From: Task: Run it("Test case 1 :Verify the presence of error dialog for Clear Selection button and More than one dept") in control flow
                    at UserContext.&lt;anonymous> (C:\Users\anup_shet\AppData\Roaming\npm\node_modules\protractor\node_modules\jasminewd2\index.js:94:19)
                    at attempt (C:\Users\anup_shet\AppData\Roaming\npm\node_modules\protractor\node_modules\jasmine-core\lib\jasmine-core\jasmine.js:4297:26)
                    at QueueRunner.run (C:\Users\anup_shet\AppData\Roaming\npm\node_modules\protractor\node_modules\jasmine-core\lib\jasmine-core\jasmine.js:4217:20)
                    at runNext (C:\Users\anup_shet\AppData\Roaming\npm\node_modules\protractor\node_modules\jasmine-core\lib\jasmine-core\jasmine.js:4257:20)
                    at C:\Users\anup_shet\AppData\Roaming\npm\node_modules\protractor\node_modules\jasmine-core\lib\jasmine-core\jasmine.js:4264:13
                    at C:\Users\anup_shet\AppData\Roaming\npm\node_modules\protractor\node_modules\jasmine-core\lib\jasmine-core\jasmine.js:4172:9
                    at C:\Users\anup_shet\AppData\Roaming\npm\node_modules\protractor\node_modules\jasminewd2\index.js:64:48
                    at ControlFlow.emit (C:\Users\anup_shet\AppData\Roaming\npm\node_modules\protractor\node_modules\selenium-webdriver\lib\events.js:62:21)
                    at ControlFlow.shutdown_ (C:\Users\anup_shet\AppData\Roaming\npm\node_modules\protractor\node_modules\selenium-webdriver\lib\promise.js:2674:10)
                    at C:\Users\anup_shet\AppData\Roaming\npm\node_modules\protractor\node_modules\selenium-webdriver\lib\promise.js:2599:53
                From asynchronous test: 
                Error
                    at Suite.&lt;anonymous> (C:\Users\anup_shet\Desktop\Required\Git Repo\FEcode\cdg-unity-next-spa\spa\e2e\dynamic-reports-phase2\UN-17225-ErrorDialogBox.spec.ts:25:3)
                    at addSpecsToSuite (C:\Users\anup_shet\AppData\Roaming\npm\node_modules\protractor\node_modules\jasmine-core\lib\jasmine-core\jasmine.js:1107:25)
                    at Env.describe (C:\Users\anup_shet\AppData\Roaming\npm\node_modules\protractor\node_modules\jasmine-core\lib\jasmine-core\jasmine.js:1074:7)
                    at describe (C:\Users\anup_shet\AppData\Roaming\npm\node_modules\protractor\node_modules\jasmine-core\lib\jasmine-core\jasmine.js:4399:18)
                    at Object.&lt;anonymous> (C:\Users\anup_shet\Desktop\Required\Git Repo\FEcode\cdg-unity-next-spa\spa\e2e\dynamic-reports-phase2\UN-17225-ErrorDialogBox.spec.ts:18:1)
                    at Module._compile (internal/modules/cjs/loader.js:945:30)
                    at Module.m._compile (C:\Users\anup_shet\Desktop\Required\Git Repo\FEcode\cdg-unity-next-spa\spa\node_modules\ts-node\src\index.ts:422:23)
                    at Module._extensions..js (internal/modules/cjs/loader.js:962:10)
                    at Object.require.extensions.&lt;computed> [as .ts] (C:\Users\anup_shet\Desktop\Required\Git Repo\FEcode\cdg-unity-next-spa\spa\node_modules\ts-node\src\index.ts:425:12)</stack-trace>
            </failure>
        </test-case>
        <test-case start='1686658067012' status='pending' stop='1686658067018'>
            <name>Test case 2 :Verify the presence of error dialog for selection parameter for instrument</name>
            <title>Test case 2 :Verify the presence of error dialog for selection parameter for instrument</title>
            <labels/>
            <parameters/>
            <steps/>
            <attachments/>
            <failure>
                <message>Temporarily disabled with xit</message>
                <stack-trace></stack-trace>
            </failure>
        </test-case>
        <test-case start='1686658067019' status='pending' stop='1686658067019'>
            <name>Test case 3 :Verify the presence of error dialog for selection parameter for control</name>
            <title>Test case 3 :Verify the presence of error dialog for selection parameter for control</title>
            <labels/>
            <parameters/>
            <steps/>
            <attachments/>
            <failure>
                <message>Temporarily disabled with xit</message>
                <stack-trace></stack-trace>
            </failure>
        </test-case>
        <test-case start='1686658067019' status='pending' stop='1686658067020'>
            <name>Test case 4:Verify the presence of error dialog for Clear Selection button and More than one dept</name>
            <title>Test case 4:Verify the presence of error dialog for Clear Selection button and More than one dept</title>
            <labels/>
            <parameters/>
            <steps/>
            <attachments/>
            <failure>
                <message>Temporarily disabled with xit</message>
                <stack-trace></stack-trace>
            </failure>
        </test-case>
        <test-case start='1686658067020' status='pending' stop='1686658067020'>
            <name>Test case 5 :Verify the presence of error dialog for Clear Selection button and More than one dept</name>
            <title>Test case 5 :Verify the presence of error dialog for Clear Selection button and More than one dept</title>
            <labels/>
            <parameters/>
            <steps/>
            <attachments/>
            <failure>
                <message>Temporarily disabled with xit</message>
                <stack-trace></stack-trace>
            </failure>
        </test-case>
        <test-case start='1686658067020' status='pending' stop='1686658067021'>
            <name>Test case 6 :Verify the presence of error dialog for selection parameter for instrument</name>
            <title>Test case 6 :Verify the presence of error dialog for selection parameter for instrument</title>
            <labels/>
            <parameters/>
            <steps/>
            <attachments/>
            <failure>
                <message>Temporarily disabled with xit</message>
                <stack-trace></stack-trace>
            </failure>
        </test-case>
        <test-case start='1686658067021' status='pending' stop='1686658067021'>
            <name>Test case 7 :Verify the presence of error dialog for selection parameter for control</name>
            <title>Test case 7 :Verify the presence of error dialog for selection parameter for control</title>
            <labels/>
            <parameters/>
            <steps/>
            <attachments/>
            <failure>
                <message>Temporarily disabled with xit</message>
                <stack-trace></stack-trace>
            </failure>
        </test-case>
    </test-cases>
</ns2:test-suite>